2018-06-22T11:56:43.334Z - normal: Load ~/.CocosCreator/settings.json
2018-06-22T11:56:43.339Z - normal: checking language setting...
2018-06-22T11:56:43.339Z - normal: Language: zh
2018-06-22T11:56:45.425Z - success: protocol editor-framework registered
2018-06-22T11:56:45.425Z - success: protocol app registered
2018-06-22T11:56:45.425Z - success: protocol theme registered
2018-06-22T11:56:45.425Z - success: protocol packages registered
2018-06-22T11:56:45.425Z - success: protocol unpack registerred
2018-06-22T11:56:45.425Z - success: protocol disable-commonjs registerred
2018-06-22T11:56:45.661Z - normal: connected!
2018-06-22T11:56:45.666Z - normal: Check project D:\Workspace\start_project
2018-06-22T11:56:45.672Z - normal: Initializing Cocos2d
2018-06-22T11:56:46.079Z - normal: Initializing Asset Database
2018-06-22T11:56:46.113Z - success: protocol uuid registerred
2018-06-22T11:56:46.113Z - success: protocol db registerred
2018-06-22T11:56:46.113Z - success: protocol thumbnail registerred
2018-06-22T11:56:46.113Z - normal: Loading editor/builtin packages
2018-06-22T11:56:46.131Z - success: anysdk loaded
2018-06-22T11:56:46.256Z - success: assets loaded
2018-06-22T11:56:46.258Z - success: builder loaded
2018-06-22T11:56:46.260Z - success: cocos-analytics loaded
2018-06-22T11:56:46.262Z - success: console loaded
2018-06-22T11:56:46.297Z - success: fb-instant-games loaded
2018-06-22T11:56:46.300Z - success: hierarchy loaded
2018-06-22T11:56:46.302Z - success: inspector loaded
2018-06-22T11:56:46.303Z - success: keystore loaded
2018-06-22T11:56:46.307Z - success: node-library loaded
2018-06-22T11:56:46.309Z - success: package-asset loaded
2018-06-22T11:56:46.310Z - success: preferences loaded
2018-06-22T11:56:46.312Z - success: project-exporter loaded
2018-06-22T11:56:46.326Z - success: project-importer loaded
2018-06-22T11:56:46.328Z - success: project-settings loaded
2018-06-22T11:56:46.330Z - success: ui-kit loaded
2018-06-22T11:56:46.334Z - success: ui-grid loaded
2018-06-22T11:56:46.336Z - success: scene loaded
2018-06-22T11:56:46.338Z - success: sprite-editor loaded
2018-06-22T11:56:46.342Z - success: store loaded
2018-06-22T11:56:46.346Z - success: timeline loaded
2018-06-22T11:56:46.346Z - normal: Loading builtin packages
2018-06-22T11:56:46.350Z - success: asset-db-debugger loaded
2018-06-22T11:56:46.352Z - success: code-editor loaded
2018-06-22T11:56:46.354Z - success: color-picker loaded
2018-06-22T11:56:46.361Z - success: package-manager loaded
2018-06-22T11:56:46.364Z - success: qqplay-adapter loaded
2018-06-22T11:56:46.369Z - success: sdkbox loaded
2018-06-22T11:56:46.373Z - success: tester loaded
2018-06-22T11:56:46.378Z - success: ui-kit-preview-extra loaded
2018-06-22T11:56:46.383Z - success: ui-kit-preview loaded
2018-06-22T11:56:46.386Z - success: ui-tree loaded
2018-06-22T11:56:46.388Z - success: weapp-adapter loaded
2018-06-22T11:56:47.387Z - normal: Initializing project D:\Workspace\start_project
2018-06-22T11:56:47.389Z - normal: Loading packages
2018-06-22T11:56:47.394Z - normal: Watching packages
2018-06-22T11:56:48.969Z - normal: Run Application
2018-06-22T11:56:50.529Z - success: preview server running at http://localhost:7456
2018-06-22T11:56:54.773Z - normal: 1.9.2
2018-06-22T11:58:32.170Z - success: API data generated and copied to D:\Workspace\start_project\creator.d.ts
2018-06-22T11:58:37.659Z - success: VS Code extension installed to C:\Users\beast\.vscode\extensions
2018-06-22T12:02:07.762Z - normal: Start building with options : {
  "androidStudio": true,
  "apiLevel": "",
  "appABIs": [],
  "appKey": "",
  "appSecret": "",
  "buildPath": "D:\\Workspace\\start_project\\build",
  "debug": false,
  "dest": "D:\\Workspace\\start_project\\build\\wechatgame",
  "encryptJs": true,
  "excludeScenes": [],
  "excludedModules": [],
  "fb-instant-games": {},
  "includeAnySDK": false,
  "includeEruda": false,
  "includeSDKBox": false,
  "inlineSpriteFrames": true,
  "inlineSpriteFrames_native": true,
  "jailbreakPlatform": false,
  "md5Cache": false,
  "mergeStartScene": false,
  "oauthLoginServer": "",
  "optimizeHotUpdate": false,
  "orientation": {
    "landscapeLeft": true,
    "landscapeRight": true,
    "portrait": false,
    "upsideDown": false
  },
  "packageName": "org.cocos2d.start_project",
  "platform": "wechatgame",
  "previewHeight": "720",
  "previewWidth": "1280",
  "privateKey": "",
  "qqplay": {
    "REMOTE_SERVER_ROOT": "",
    "orientation": "portrait"
  },
  "renderMode": "0",
  "scenes": [
    "e63d56a6-1f5c-4f0d-b710-c35fc030017f"
  ],
  "sourceMaps": false,
  "startScene": "e63d56a6-1f5c-4f0d-b710-c35fc030017f",
  "template": "link",
  "title": "start_project",
  "useDebugKeystore": true,
  "vsVersion": "auto",
  "webOrientation": "portrait",
  "wechatgame": {
    "REMOTE_SERVER_ROOT": "",
    "appid": "wxbdd2fe63649efae1",
    "isSubdomain": false,
    "orientation": "portrait",
    "subContext": ""
  },
  "xxteaKey": "805ac52c-931a-4f",
  "zipCompressJs": true,
  "project": "D:\\Workspace\\start_project",
  "projectName": "start_project",
  "debugBuildWorker": false
}
2018-06-22T12:02:07.765Z - normal: Building D:\Workspace\start_project
2018-06-22T12:02:07.766Z - normal: Destination D:\Workspace\start_project\build\wechatgame
2018-06-22T12:02:08.195Z - normal: Delete D:\Workspace\start_project\build\wechatgame\**\*
2018-06-22T12:02:50.953Z - normal: Compiled project javascript file successfully
2018-06-22T12:02:50.955Z - normal: Start building assets
2018-06-22T12:02:50.955Z - normal: Start spawn build-worker
2018-06-22T12:02:51.626Z - normal: Finish spawn build-worker
2018-06-22T12:02:51.626Z - normal: Start init build-worker
2018-06-22T12:02:53.663Z - normal: 1.9.2
2018-06-22T12:02:53.743Z - normal: Finish init build-worker
2018-06-22T12:02:53.744Z - normal: Start build-assets in worker
2018-06-22T12:02:53.954Z - normal: Finish build-assets in worker
2018-06-22T12:02:53.960Z - normal: Finish building assets
2018-06-22T12:02:53.972Z - normal: Start building raw assets
2018-06-22T12:02:53.973Z - normal: Start building plugin scripts
2018-06-22T12:02:53.993Z - normal: Finish building raw assets
2018-06-22T12:02:53.999Z - normal: Generating main.js from C:\Program Files (x86)\CocosCreator\resources\static\build-templates\shares\main.js
2018-06-22T12:02:55.360Z - normal: Built to "D:\Workspace\start_project\build\wechatgame" successfully
2018-06-22T12:03:02.734Z - error: 请在 [偏好设置 -> 原生开发环境] 中设置微信开发者工具路径。
    at Object.run (C:\Program Files (x86)\CocosCreator\resources\app.asar\editor\core\wechat-game.js:1:387)
    at EventEmitter.ipcMain.on (C:\Program Files (x86)\CocosCreator\resources\app.asar\editor\core\ipc\app-ipc.js:1:1115)
    at emitTwo (events.js:106:13)
    at EventEmitter.emit (events.js:194:7)
    at WebContents.<anonymous> (C:\Program Files (x86)\CocosCreator\resources\electron.asar\browser\api\web-contents.js:247:13)
    at emitTwo (events.js:106:13)
    at WebContents.emit (events.js:194:7)
2018-06-22T12:04:33.566Z - error: 请在 [偏好设置 -> 原生开发环境] 中设置微信开发者工具路径。
    at Object.run (C:\Program Files (x86)\CocosCreator\resources\app.asar\editor\core\wechat-game.js:1:387)
    at EventEmitter.ipcMain.on (C:\Program Files (x86)\CocosCreator\resources\app.asar\editor\core\ipc\app-ipc.js:1:1115)
    at emitTwo (events.js:106:13)
    at EventEmitter.emit (events.js:194:7)
    at WebContents.<anonymous> (C:\Program Files (x86)\CocosCreator\resources\electron.asar\browser\api\web-contents.js:247:13)
    at emitTwo (events.js:106:13)
    at WebContents.emit (events.js:194:7)
2018-06-22T12:04:48.733Z - error: 请在 [偏好设置 -> 原生开发环境] 中设置微信开发者工具路径。
    at Object.run (C:\Program Files (x86)\CocosCreator\resources\app.asar\editor\core\wechat-game.js:1:387)
    at EventEmitter.ipcMain.on (C:\Program Files (x86)\CocosCreator\resources\app.asar\editor\core\ipc\app-ipc.js:1:1115)
    at emitTwo (events.js:106:13)
    at EventEmitter.emit (events.js:194:7)
    at WebContents.<anonymous> (C:\Program Files (x86)\CocosCreator\resources\electron.asar\browser\api\web-contents.js:247:13)
    at emitTwo (events.js:106:13)
    at WebContents.emit (events.js:194:7)
2018-06-22T12:08:17.261Z - warn: 找不到微信开发程序版本信息路径 [C:\Program Files (x86)\Tencent\微信web开发者工具\package.nw\package.json]。
2018-06-22T12:08:17.263Z - warn: 微信开发程序版本过低，不能享用所有功能，请尽快升级。
2018-06-22T12:08:18.120Z - normal: Initializing...

2018-06-22T12:08:18.126Z - normal: idePortFile: C:\Users\beast\AppData\Local\微信web开发者工具\User Data\Default\.ide

2018-06-22T12:08:19.141Z - normal: starting ide...

2018-06-22T12:08:23.295Z - normal: IDE server has started, listening on http://127.0.0.1:59192

2018-06-22T12:08:23.298Z - normal: initialization finished

2018-06-22T12:08:23.471Z - error: StatusCodeError: 400 - "{\"code\":40000,\"error\":\"错误 需要重新登录\"}"

    at Socket.<anonymous> (C:\Program Files (x86)\CocosCreator\resources\app.asar\editor\core\wechat-game.js:1:1302)
    at emitOne (events.js:96:13)
    at Socket.emit (events.js:191:7)
    at readableAddChunk (_stream_readable.js:178:18)
    at Socket.Readable.push (_stream_readable.js:136:10)
    at Pipe.onread (net.js:560:20)
2018-06-22T12:08:53.053Z - warn: 找不到微信开发程序版本信息路径 [C:\Program Files (x86)\Tencent\微信web开发者工具\package.nw\package.json]。
2018-06-22T12:08:53.054Z - warn: 微信开发程序版本过低，不能享用所有功能，请尽快升级。
2018-06-22T12:08:53.488Z - normal: Initializing...

2018-06-22T12:08:53.494Z - normal: idePortFile: C:\Users\beast\AppData\Local\微信web开发者工具\User Data\Default\.ide

2018-06-22T12:08:54.507Z - normal: starting ide...

2018-06-22T12:08:58.017Z - normal: IDE server has started, listening on http://127.0.0.1:44303

2018-06-22T12:08:58.020Z - normal: initialization finished

2018-06-22T12:08:58.615Z - normal: open IDE success

2018-06-22T12:25:21.108Z - info: shutdown preview server
